<?xml version="1.0" encoding="UTF-8"?>
<testng-results ignored="0" total="1" passed="1" failed="0" skipped="0">
  <reporter-output>
  </reporter-output>
  <suite started-at="2023-06-17T15:58:41 IST" name="Suite" finished-at="2023-06-17T15:58:51 IST" duration-ms="10671">
    <groups>
    </groups>
    <test started-at="2023-06-17T15:58:41 IST" name="Test" finished-at="2023-06-17T15:58:51 IST" duration-ms="10671">
      <class name="testCases.Tc_002_LoginTest">
        <test-method is-config="true" signature="setup(java.lang.String)[pri:0, instance:testCases.Tc_002_LoginTest@245b4bdc]" started-at="2023-06-17T15:58:41 IST" name="setup" finished-at="2023-06-17T15:58:48 IST" duration-ms="7197" status="PASS">
          <params>
            <param index="0">
              <value>
                <![CDATA[chrome]]>
              </value>
            </param>
          </params>
          <reporter-output>
          </reporter-output>
        </test-method> <!-- setup -->
        <test-method signature="test_login()[pri:0, instance:testCases.Tc_002_LoginTest@245b4bdc]" started-at="2023-06-17T15:58:48 IST" name="test_login" finished-at="2023-06-17T15:58:51 IST" duration-ms="3009" status="PASS">
          <reporter-output>
          </reporter-output>
        </test-method> <!-- test_login -->
      </class> <!-- testCases.Tc_002_LoginTest -->
    </test> <!-- Test -->
  </suite> <!-- Suite -->
</testng-results>
